<?xml version="1.0" encoding="UTF-8"?>
<testsuite name="com.grailsinaction.ProfileSpec" tests="1" skipped="0" failures="1" errors="0" timestamp="2016-02-20T14:10:08" hostname="Christophers-MacBook-Air-2.local" time="1.796">
  <properties/>
  <testcase name="test something" classname="com.grailsinaction.ProfileSpec" time="1.796">
    <failure message="Condition not satisfied:&#10;&#10;true == false&#10;     |&#10;     false&#10;" type="org.spockframework.runtime.SpockComparisonFailure">Condition not satisfied:

true == false
     |
     false

	at com.grailsinaction.ProfileSpec.test something(ProfileSpec.groovy:20)
</failure>
  </testcase>
  <system-out><![CDATA[]]></system-out>
  <system-err><![CDATA[]]></system-err>
</testsuite>
